已經開始建置於 2014/7/27 下午 04:18:22。
     1>節點 2 (Build 目標) 上的專案 "C:\cocos2dx\projects\PaintHunter\proj.win32\PaintHunter.vcxproj"。
     1>ClCompile:
         C:\Program Files (x86)\Microsoft Visual Studio 11.0\VC\bin\CL.exe /c /IC:\cocos2dx\projects\PaintHunter\proj.win32\..\..\..\cocos2dx /IC:\cocos2dx\projects\PaintHunter\proj.win32\..\..\..\cocos2dx\include /IC:\cocos2dx\projects\PaintHunter\proj.win32\..\..\..\cocos2dx\kazmath\include /IC:\cocos2dx\projects\PaintHunter\proj.win32\..\..\..\cocos2dx\platform\win32 /IC:\cocos2dx\projects\PaintHunter\proj.win32\..\..\..\cocos2dx\platform\third_party\win32 /IC:\cocos2dx\projects\PaintHunter\proj.win32\..\..\..\cocos2dx\platform\third_party\win32\OGLES /IC:\cocos2dx\projects\PaintHunter\proj.win32\..\..\..\external /IC:\cocos2dx\projects\PaintHunter\proj.win32\..\..\..\external\chipmunk\include\chipmunk /IC:\cocos2dx\projects\PaintHunter\proj.win32\..\..\..\CocosDenshion\include /IC:\cocos2dx\projects\PaintHunter\proj.win32\..\..\..\extensions /I..\Classes /I.. /ZI /nologo /W3 /WX- /Od /Oy- /D WIN32 /D _DEBUG /D _WINDOWS /D _USE_MATH_DEFINES /D GL_GLEXT_PROTOTYPES /D CC_ENABLE_CHIPMUNK_INTEGRATION=1 /D COCOS2D_DEBUG=1 /D _CRT_SECURE_NO_WARNINGS /D _SCL_SECURE_NO_WARNINGS /D _UNICODE /D UNICODE /Gm /EHsc /RTC1 /MDd /GS /fp:precise /Zc:wchar_t /Zc:forScope /Fo"Debug.win32\\" /Fd"Debug.win32\vc110.pdb" /Gd /TP /wd4267 /wd4251 /wd4244 /analyze- /errorReport:prompt ..\Classes\AppDelegate.cpp
         AppDelegate.cpp
     1>c:\cocos2dx\cocos2dx\particle_nodes\ccparticlesystemquad.h : warning C4819: 檔案含有無法在目前字碼頁 (950) 中表示的字元。請以 Unicode 格式儲存檔案以防止資料遺失
     1>c:\cocos2dx\cocos2dx\platform\ccsaxparser.h : warning C4819: 檔案含有無法在目前字碼頁 (950) 中表示的字元。請以 Unicode 格式儲存檔案以防止資料遺失
     1>c:\cocos2dx\extensions\gui\cccontrolextension\ccscale9sprite.h : warning C4819: 檔案含有無法在目前字碼頁 (950) 中表示的字元。請以 Unicode 格式儲存檔案以防止資料遺失
     1>c:\cocos2dx\extensions\gui\cccontrolextension\cccontrolpotentiometer.h : warning C4819: 檔案含有無法在目前字碼頁 (950) 中表示的字元。請以 Unicode 格式儲存檔案以防止資料遺失
       PreLinkEvent:
         if not exist "C:\cocos2dx\projects\PaintHunter\proj.win32\Debug.win32\" mkdir "C:\cocos2dx\projects\PaintHunter\proj.win32\Debug.win32\"
         xcopy /Y /Q "C:\cocos2dx\projects\PaintHunter\proj.win32\..\..\..\external\libwebsockets\win32\lib\*.*" "C:\cocos2dx\projects\PaintHunter\proj.win32\Debug.win32\"
         :VCEnd
         已複製 2 個檔案
       Link:
         C:\Program Files (x86)\Microsoft Visual Studio 11.0\VC\bin\link.exe /ERRORREPORT:PROMPT /OUT:"C:\cocos2dx\projects\PaintHunter\proj.win32\Debug.win32\PaintHunter.exe" /INCREMENTAL /NOLOGO /LIBPATH:C:\cocos2dx\projects\PaintHunter\proj.win32\Debug.win32\ libExtensions.lib libcocos2d.lib libCocosDenshion.lib opengl32.lib glew32.lib libBox2d.lib libchipmunk.lib libcurl_imp.lib pthreadVCE2.lib websockets.lib kernel32.lib user32.lib gdi32.lib winspool.lib comdlg32.lib advapi32.lib shell32.lib ole32.lib oleaut32.lib uuid.lib odbc32.lib odbccp32.lib /MANIFEST /MANIFESTUAC:"level='asInvoker' uiAccess='false'" /manifest:embed /DEBUG /PDB:"C:\cocos2dx\projects\PaintHunter\proj.win32\Debug.win32\PaintHunter.pdb" /SUBSYSTEM:WINDOWS /TLBID:1 /DYNAMICBASE /NXCOMPAT /IMPLIB:"C:\cocos2dx\projects\PaintHunter\proj.win32\Debug.win32\PaintHunter.lib" /MACHINE:X86 /SAFESEH Debug.win32\AppDelegate.obj
         Debug.win32\MenuScene.obj
         Debug.win32\main.obj
         C:\cocos2dx\projects\PaintHunter\proj.win32\Debug.win32\libcocos2d.lib
         C:\cocos2dx\projects\PaintHunter\proj.win32\Debug.win32\libCocosDenshion.lib
         C:\cocos2dx\projects\PaintHunter\proj.win32\Debug.win32\libExtensions.lib
         C:\cocos2dx\projects\PaintHunter\proj.win32\Debug.win32\libBox2D.lib
         C:\cocos2dx\projects\PaintHunter\proj.win32\Debug.win32\libchipmunk.lib
         PaintHunter.vcxproj -> C:\cocos2dx\projects\PaintHunter\proj.win32\Debug.win32\PaintHunter.exe
     1>專案 "C:\cocos2dx\projects\PaintHunter\proj.win32\PaintHunter.vcxproj" (Build 目標) 建置完成。

建置成功。

經過時間 00:00:14.78
